<html>
<head>
<title>TestNG:  ApiTest</title>
<link href="../testng.css" rel="stylesheet" type="text/css" />
<link href="../my-testng.css" rel="stylesheet" type="text/css" />

<style type="text/css">
.log { display: none;} 
.stack-trace { display: none;} 
</style>
<script type="text/javascript">
<!--
function flip(e) {
  current = e.style.display;
  if (current == 'block') {
    e.style.display = 'none';
    return 0;
  }
  else {
    e.style.display = 'block';
    return 1;
  }
}

function toggleBox(szDivId, elem, msg1, msg2)
{
  var res = -1;  if (document.getElementById) {
    res = flip(document.getElementById(szDivId));
  }
  else if (document.all) {
    // this is the way old msie versions work
    res = flip(document.all[szDivId]);
  }
  if(elem) {
    if(res == 0) elem.innerHTML = msg1; else elem.innerHTML = msg2;
  }

}

function toggleAllBoxes() {
  if (document.getElementsByTagName) {
    d = document.getElementsByTagName('div');
    for (i = 0; i < d.length; i++) {
      if (d[i].className == 'log') {
        flip(d[i]);
      }
    }
  }
}

// -->
</script>

</head>
<body>
<h2 align='center'>ApiTest</h2><table border='1' align="center">
<tr>
<td>Tests passed/Failed/Skipped:</td><td>0/1/0</td>
</tr><tr>
<td>Started on:</td><td>Mon Aug 31 19:18:36 CST 2015</td>
</tr>
<tr><td>Total time:</td><td>43 seconds (43404 ms)</td>
</tr><tr>
<td>Included groups:</td><td></td>
</tr><tr>
<td>Excluded groups:</td><td></td>
</tr>
</table><p/>
<small><i>(Hover the method name to see the test class name)</i></small><p/>
<table width='100%' border='1' class='invocation-failed'>
<tr><td colspan='4' align='center'><b>FAILED TESTS</b></td></tr>
<tr><td><b>Test method</b></td>
<td width="30%"><b>Exception</b></td>
<td width="10%"><b>Time (seconds)</b></td>
<td><b>Instance</b></td>
</tr>
<tr>
<td title='com.kaikeba.server.api.utils.HTTPRequestTest.run()'><b>run</b><br>Test class: com.kaikeba.server.api.utils.HTTPRequestTest<br>Parameters: 1, InputData [ID=4.0, testCase=4.0, description=4.0, host=http://w-api-f1.kaikeba.cn, callSuff=/quizzes/1683/quiz_questions?access_token=24a7b17982d28e8b35527108946dab17, callType=POST, authScheme= , authCreds= , accept= , contentType=application/json;charset=utf-8, body={
    "context_id": 1,
    "context_type": "Course",
    "points_possible": 2.0,
    "question_type": "multiple_choice",
    "name":"测验题",
    "question_name":"ceshi",
    "question_text":"xxxxxxx",
    "correct_comments":null,
    "neutral_comments":null,
    "incorrect_comments":null,
    "level":"low",
    "quiz_id":1683,
    "question_data":null,
    "required":false,
    "video_time_node":111111,
    "position":null,
    "status":null,
    
    "answers":[{
        "text": "答案一", 
        "comments":"cccc",
        "correct": true,
        "weight": 0.2,
        "position":null,
        "status":null
    },{
        "text": "答案2", 
        "comments":"cccc",
        "correct": true,
        "weight": 0.2,
        "position":null,
        "status":null
    }]
}, ActualResponse={"code":400,"message":"Unable to process JSON","details":null}, ExpectResponse={
  "status": true,
  "message": "success",
  "data": {
    "id": 44981,
    "context_id": 1,
    "context_type": "Course",
    "points_possible": 2,
    "question_type": "multiple_choice",
    "name": "测验题",
    "question_name": "ceshi",
    "question_text": "xxxxxxx",
    "correct_comments": null,
    "neutral_comments": null,
    "incorrect_comments": null,
    "level": "low",
    "quiz_id": 1683,
    "quiz_group_id": 2464,
    "question_data": null,
    "required": false,
    "video_time_node": 111111,
    "position": null,
    "status": null,
    "created_at": 1441000758778,
    "updated_at": 1441000758778,
    "is_deleted": null,
    "answers": null
  }
}, log= , IsPass=failed]</td>
<td><div><pre>net.sf.json.JSONException: Missing value. at character 223 of {
    &quot;context_id&quot;: 1,
    &quot;context_type&quot;: &quot;Course&quot;,
    &quot;points_possible&quot;: 2.0,
    &quot;question_type&quot;: &quot;multiple_choice&quot;,
    &quot;name&quot;:&quot;测验题&quot;,
    &quot;question_name&quot;:&quot;ceshi&quot;,
    &quot;question_text&quot;:&quot;xxxxxxx&quot;,
    &quot;correct_comments&quot;: ,
    &quot;neutral_comments&quot;: ,
    &quot;incorrect_comments&quot;: ,
    &quot;level&quot;:&quot;low&quot;,
    &quot;quiz_id&quot;:1683,
    &quot;question_data&quot;: ,
    &quot;required&quot;:false,
    &quot;video_time_node&quot;:111111,
    &quot;position&quot;: ,
    &quot;status&quot;: ,
    
    &quot;answers&quot;:[{
        &quot;text&quot;: &quot;答案一&quot;, 
        &quot;comments&quot;:&quot;cccc&quot;,
        &quot;correct&quot;: true,
        &quot;weight&quot;: 0.2,
        &quot;position&quot;: ,
        &quot;status&quot;: 
    },{
        &quot;text&quot;: &quot;答案2&quot;, 
        &quot;comments&quot;:&quot;cccc&quot;,
        &quot;correct&quot;: true,
        &quot;weight&quot;: 0.2,
        &quot;position&quot;: ,
        &quot;status&quot;: 
    }]
}
	at net.sf.json.util.JSONTokener.syntaxError(JSONTokener.java:499)
	at net.sf.json.util.JSONTokener.nextValue(JSONTokener.java:378)
	at net.sf.json.JSONObject._fromJSONTokener(JSONObject.java:1008)
	at net.sf.json.JSONObject._fromString(JSONObject.java:1201)
	at net.sf.json.JSONObject.fromObject(JSONObject.java:165)
	at net.sf.json.JSONObject.fromObject(JSONObject.java:134)
	at com.kaikeba.server.api.utils.HTTPRequestTest.run(HTTPRequestTest.java:70)
... Removed 24 stack frames</pre></div><a href='#' onClick='toggleBox("stack-trace567294307", this, "Click to show all stack frames", "Click to hide stack frames")'>Click to show all stack frames</a>
<div class='stack-trace' id='stack-trace567294307'><pre>net.sf.json.JSONException: Missing value. at character 223 of {
    &quot;context_id&quot;: 1,
    &quot;context_type&quot;: &quot;Course&quot;,
    &quot;points_possible&quot;: 2.0,
    &quot;question_type&quot;: &quot;multiple_choice&quot;,
    &quot;name&quot;:&quot;测验题&quot;,
    &quot;question_name&quot;:&quot;ceshi&quot;,
    &quot;question_text&quot;:&quot;xxxxxxx&quot;,
    &quot;correct_comments&quot;: ,
    &quot;neutral_comments&quot;: ,
    &quot;incorrect_comments&quot;: ,
    &quot;level&quot;:&quot;low&quot;,
    &quot;quiz_id&quot;:1683,
    &quot;question_data&quot;: ,
    &quot;required&quot;:false,
    &quot;video_time_node&quot;:111111,
    &quot;position&quot;: ,
    &quot;status&quot;: ,
    
    &quot;answers&quot;:[{
        &quot;text&quot;: &quot;答案一&quot;, 
        &quot;comments&quot;:&quot;cccc&quot;,
        &quot;correct&quot;: true,
        &quot;weight&quot;: 0.2,
        &quot;position&quot;: ,
        &quot;status&quot;: 
    },{
        &quot;text&quot;: &quot;答案2&quot;, 
        &quot;comments&quot;:&quot;cccc&quot;,
        &quot;correct&quot;: true,
        &quot;weight&quot;: 0.2,
        &quot;position&quot;: ,
        &quot;status&quot;: 
    }]
}
	at net.sf.json.util.JSONTokener.syntaxError(JSONTokener.java:499)
	at net.sf.json.util.JSONTokener.nextValue(JSONTokener.java:378)
	at net.sf.json.JSONObject._fromJSONTokener(JSONObject.java:1008)
	at net.sf.json.JSONObject._fromString(JSONObject.java:1201)
	at net.sf.json.JSONObject.fromObject(JSONObject.java:165)
	at net.sf.json.JSONObject.fromObject(JSONObject.java:134)
	at com.kaikeba.server.api.utils.HTTPRequestTest.run(HTTPRequestTest.java:70)
	at sun.reflect.NativeMethodAccessorImpl.invoke0(Native Method)
	at sun.reflect.NativeMethodAccessorImpl.invoke(NativeMethodAccessorImpl.java:62)
	at sun.reflect.DelegatingMethodAccessorImpl.invoke(DelegatingMethodAccessorImpl.java:43)
	at java.lang.reflect.Method.invoke(Method.java:483)
	at org.testng.internal.MethodInvocationHelper.invokeMethod(MethodInvocationHelper.java:84)
	at org.testng.internal.Invoker.invokeMethod(Invoker.java:714)
	at org.testng.internal.Invoker.invokeTestMethod(Invoker.java:901)
	at org.testng.internal.Invoker.invokeTestMethods(Invoker.java:1231)
	at org.testng.internal.TestMethodWorker.invokeTestMethods(TestMethodWorker.java:127)
	at org.testng.internal.TestMethodWorker.run(TestMethodWorker.java:111)
	at org.testng.TestRunner.privateRun(TestRunner.java:767)
	at org.testng.TestRunner.run(TestRunner.java:617)
	at org.testng.SuiteRunner.runTest(SuiteRunner.java:348)
	at org.testng.SuiteRunner.runSequentially(SuiteRunner.java:343)
	at org.testng.SuiteRunner.privateRun(SuiteRunner.java:305)
	at org.testng.SuiteRunner.run(SuiteRunner.java:254)
	at org.testng.SuiteRunnerWorker.runSuite(SuiteRunnerWorker.java:52)
	at org.testng.SuiteRunnerWorker.run(SuiteRunnerWorker.java:86)
	at org.testng.TestNG.runSuitesSequentially(TestNG.java:1224)
	at org.testng.TestNG.runSuitesLocally(TestNG.java:1149)
	at org.testng.TestNG.run(TestNG.java:1057)
	at org.testng.remote.RemoteTestNG.run(RemoteTestNG.java:111)
	at org.testng.remote.RemoteTestNG.initAndRun(RemoteTestNG.java:204)
	at org.testng.remote.RemoteTestNG.main(RemoteTestNG.java:175)
</pre></div></td>
<td>43</td>
<td>com.kaikeba.server.api.utils.HTTPRequestTest@7fc229ab</td></tr>
</table><p>
</body>
</html>