<?xml version="1.0" encoding="UTF-8"?>
<!-- Generated by org.testng.reporters.JUnitReportReporter -->
<testsuite hostname="macosserver.kaikeba.local" name="com.kaikeba.server.api.utils.HTTPRequestTest" tests="1" failures="1" timestamp="31 Aug 2015 11:19:19 GMT" time="43.191" errors="0">
  <testcase name="run" time="43.191" classname="com.kaikeba.server.api.utils.HTTPRequestTest">
    <failure type="net.sf.json.JSONException" message="Missing value. at character 223 of {
    &quot;context_id&quot;: 1,
    &quot;context_type&quot;: &quot;Course&quot;,
    &quot;points_possible&quot;: 2.0,
    &quot;question_type&quot;: &quot;multiple_choice&quot;,
    &quot;name&quot;:&quot;测验题&quot;,
    &quot;question_name&quot;:&quot;ceshi&quot;,
    &quot;question_text&quot;:&quot;xxxxxxx&quot;,
    &quot;correct_comments&quot;: ,
    &quot;neutral_comments&quot;: ,
    &quot;incorrect_comments&quot;: ,
    &quot;level&quot;:&quot;low&quot;,
    &quot;quiz_id&quot;:1683,
    &quot;question_data&quot;: ,
    &quot;required&quot;:false,
    &quot;video_time_node&quot;:111111,
    &quot;position&quot;: ,
    &quot;status&quot;: ,
    
    &quot;answers&quot;:[{
        &quot;text&quot;: &quot;答案一&quot;, 
        &quot;comments&quot;:&quot;cccc&quot;,
        &quot;correct&quot;: true,
        &quot;weight&quot;: 0.2,
        &quot;position&quot;: ,
        &quot;status&quot;: 
    },{
        &quot;text&quot;: &quot;答案2&quot;, 
        &quot;comments&quot;:&quot;cccc&quot;,
        &quot;correct&quot;: true,
        &quot;weight&quot;: 0.2,
        &quot;position&quot;: ,
        &quot;status&quot;: 
    }]
}">
      <![CDATA[net.sf.json.JSONException: Missing value. at character 223 of {
    "context_id": 1,
    "context_type": "Course",
    "points_possible": 2.0,
    "question_type": "multiple_choice",
    "name":"测验题",
    "question_name":"ceshi",
    "question_text":"xxxxxxx",
    "correct_comments": ,
    "neutral_comments": ,
    "incorrect_comments": ,
    "level":"low",
    "quiz_id":1683,
    "question_data": ,
    "required":false,
    "video_time_node":111111,
    "position": ,
    "status": ,
    
    "answers":[{
        "text": "答案一", 
        "comments":"cccc",
        "correct": true,
        "weight": 0.2,
        "position": ,
        "status": 
    },{
        "text": "答案2", 
        "comments":"cccc",
        "correct": true,
        "weight": 0.2,
        "position": ,
        "status": 
    }]
}
	at net.sf.json.util.JSONTokener.syntaxError(JSONTokener.java:499)
	at net.sf.json.util.JSONTokener.nextValue(JSONTokener.java:378)
	at net.sf.json.JSONObject._fromJSONTokener(JSONObject.java:1008)
	at net.sf.json.JSONObject._fromString(JSONObject.java:1201)
	at net.sf.json.JSONObject.fromObject(JSONObject.java:165)
	at net.sf.json.JSONObject.fromObject(JSONObject.java:134)
	at com.kaikeba.server.api.utils.HTTPRequestTest.run(HTTPRequestTest.java:70)
	at sun.reflect.NativeMethodAccessorImpl.invoke0(Native Method)
	at sun.reflect.NativeMethodAccessorImpl.invoke(NativeMethodAccessorImpl.java:62)
	at sun.reflect.DelegatingMethodAccessorImpl.invoke(DelegatingMethodAccessorImpl.java:43)
	at java.lang.reflect.Method.invoke(Method.java:483)
	at org.testng.internal.MethodInvocationHelper.invokeMethod(MethodInvocationHelper.java:84)
	at org.testng.internal.Invoker.invokeMethod(Invoker.java:714)
	at org.testng.internal.Invoker.invokeTestMethod(Invoker.java:901)
	at org.testng.internal.Invoker.invokeTestMethods(Invoker.java:1231)
	at org.testng.internal.TestMethodWorker.invokeTestMethods(TestMethodWorker.java:127)
	at org.testng.internal.TestMethodWorker.run(TestMethodWorker.java:111)
	at org.testng.TestRunner.privateRun(TestRunner.java:767)
	at org.testng.TestRunner.run(TestRunner.java:617)
	at org.testng.SuiteRunner.runTest(SuiteRunner.java:348)
	at org.testng.SuiteRunner.runSequentially(SuiteRunner.java:343)
	at org.testng.SuiteRunner.privateRun(SuiteRunner.java:305)
	at org.testng.SuiteRunner.run(SuiteRunner.java:254)
	at org.testng.SuiteRunnerWorker.runSuite(SuiteRunnerWorker.java:52)
	at org.testng.SuiteRunnerWorker.run(SuiteRunnerWorker.java:86)
	at org.testng.TestNG.runSuitesSequentially(TestNG.java:1224)
	at org.testng.TestNG.runSuitesLocally(TestNG.java:1149)
	at org.testng.TestNG.run(TestNG.java:1057)
	at org.testng.remote.RemoteTestNG.run(RemoteTestNG.java:111)
	at org.testng.remote.RemoteTestNG.initAndRun(RemoteTestNG.java:204)
	at org.testng.remote.RemoteTestNG.main(RemoteTestNG.java:175)
]]>
    </failure>
  </testcase> <!-- run -->
</testsuite> <!-- com.kaikeba.server.api.utils.HTTPRequestTest -->
